;  LST file generated by mikroListExporter - v.2.0 
; Date/Time: 04/07/2018 12:12:05 ã
;----------------------------------------------

;Address Opcode 	ASM
0x0000	0x2803      	GOTO       3
_main:
;MyProject.c,1 :: 		void main() {
;MyProject.c,2 :: 		trisb.rb0=0;
0x0003	0x1683      	BSF        STATUS, 5
0x0004	0x1303      	BCF        STATUS, 6
0x0005	0x1006      	BCF        TRISB, 0
;MyProject.c,3 :: 		trisb.rb1=0;
0x0006	0x1086      	BCF        TRISB, 1
;MyProject.c,4 :: 		trisb.rb2=0;
0x0007	0x1106      	BCF        TRISB, 2
;MyProject.c,5 :: 		trisb.rb3=0;
0x0008	0x1186      	BCF        TRISB, 3
;MyProject.c,6 :: 		portb=0;
0x0009	0x1283      	BCF        STATUS, 5
0x000A	0x0186      	CLRF       PORTB
;MyProject.c,7 :: 		trisd.rd0=1;
0x000B	0x1683      	BSF        STATUS, 5
0x000C	0x1408      	BSF        TRISD, 0
;MyProject.c,8 :: 		trisd.rd1=1;
0x000D	0x1488      	BSF        TRISD, 1
;MyProject.c,9 :: 		trisd.rd2=1;
0x000E	0x1508      	BSF        TRISD, 2
;MyProject.c,10 :: 		trisd.rd3=1;
0x000F	0x1588      	BSF        TRISD, 3
;MyProject.c,11 :: 		portd=0;
0x0010	0x1283      	BCF        STATUS, 5
0x0011	0x0188      	CLRF       PORTD
;MyProject.c,12 :: 		if(portd.rd0==1)
0x0012	0x1C08      	BTFSS      PORTD, 0
0x0013	0x2819      	GOTO       L_main0
;MyProject.c,14 :: 		portb.rb0=1;
0x0014	0x1406      	BSF        PORTB, 0
;MyProject.c,15 :: 		portb.rb1=0;
0x0015	0x1086      	BCF        PORTB, 1
;MyProject.c,16 :: 		portb.rb2=1;
0x0016	0x1506      	BSF        PORTB, 2
;MyProject.c,17 :: 		portb.rb3=0;
0x0017	0x1186      	BCF        PORTB, 3
;MyProject.c,18 :: 		}
0x0018	0x282F      	GOTO       L_main1
L_main0:
;MyProject.c,19 :: 		else if (portd.rd1==1)
0x0019	0x1C88      	BTFSS      PORTD, 1
0x001A	0x2820      	GOTO       L_main2
;MyProject.c,21 :: 		portb.rb0=0;
0x001B	0x1006      	BCF        PORTB, 0
;MyProject.c,22 :: 		portb.rb1=1;
0x001C	0x1486      	BSF        PORTB, 1
;MyProject.c,23 :: 		portb.rb2=0;
0x001D	0x1106      	BCF        PORTB, 2
;MyProject.c,24 :: 		portb.rb3=1;
0x001E	0x1586      	BSF        PORTB, 3
;MyProject.c,25 :: 		}
0x001F	0x282F      	GOTO       L_main3
L_main2:
;MyProject.c,26 :: 		else if(portd.rd2==1)
0x0020	0x1D08      	BTFSS      PORTD, 2
0x0021	0x2827      	GOTO       L_main4
;MyProject.c,28 :: 		portb.rb0=1;
0x0022	0x1406      	BSF        PORTB, 0
;MyProject.c,29 :: 		portb.rb1=0;
0x0023	0x1086      	BCF        PORTB, 1
;MyProject.c,30 :: 		portb.rb2=0;
0x0024	0x1106      	BCF        PORTB, 2
;MyProject.c,31 :: 		portb.rb3=0;
0x0025	0x1186      	BCF        PORTB, 3
;MyProject.c,32 :: 		}
0x0026	0x282F      	GOTO       L_main5
L_main4:
;MyProject.c,33 :: 		else if(portd.rd3==1)
0x0027	0x1D88      	BTFSS      PORTD, 3
0x0028	0x282E      	GOTO       L_main6
;MyProject.c,35 :: 		portb.rb0=0;
0x0029	0x1006      	BCF        PORTB, 0
;MyProject.c,36 :: 		portb.rb1=0;
0x002A	0x1086      	BCF        PORTB, 1
;MyProject.c,37 :: 		portb.rb2=0;
0x002B	0x1106      	BCF        PORTB, 2
;MyProject.c,38 :: 		portb.rb3=1;
0x002C	0x1586      	BSF        PORTB, 3
;MyProject.c,39 :: 		}
0x002D	0x282F      	GOTO       L_main7
L_main6:
;MyProject.c,40 :: 		else {portb=0;}
0x002E	0x0186      	CLRF       PORTB
L_main7:
L_main5:
L_main3:
L_main1:
;MyProject.c,41 :: 		}
L_end_main:
0x002F	0x282F      	GOTO       $+0
; end of _main
Symbol List:
//** Routines locations **
//ADDRESS    SIZE    PROCEDURE
//----------------------------------------------
0x0003      [45]    _main
//** Variables locations ** 
//ADDRESS    SIZE    VARIABLE
//----------------------------------------------
0x0000       [1]    INDF
0x0003       [1]    STATUS
0x0004       [1]    FSR
0x0006       [1]    PORTB
0x0008       [1]    PORTD
0x000A       [1]    PCLATH
0x0020       [2]    ___DoICPAddr
0x0070       [1]    R0
0x0071       [1]    R1
0x0072       [1]    R2
0x0073       [1]    R3
0x0074       [1]    R4
0x0075       [1]    R5
0x0076       [1]    R6
0x0077       [1]    R7
0x0078       [1]    R8
0x0079       [1]    R9
0x007A       [1]    R10
0x007B       [1]    R11
0x007C       [1]    R12
0x007D       [1]    R13
0x007E       [1]    R14
0x007F       [1]    R15
0x0086       [1]    TRISB
0x0088       [1]    TRISD
